  icode   ic inum1 inum2 inum3   subed  recmonps reccnstps  flow(m^3)   sed(t)      orgn(kg)    orgp(kg)    nitrate(kg) sol.p(kg)   sol.pst(mg) sor.pst(mg)
       1        1        1        0        0        0                         0.1080E+10  0.5272E+05  0.2869E+06  0.3959E+06  0.1278E+07  0.4911E+04  0.0000E+00  0.0000E+00
       1        2        2        0        0        0                         0.1098E+10  0.1720E+06  0.6263E+06  0.7924E+06  0.8820E+06  0.1221E+05  0.0000E+00  0.0000E+00
       1        3        3        0        0        0                         0.8668E+09  0.3045E+06  0.1028E+07  0.1098E+07  0.1184E+07  0.1231E+06  0.0000E+00  0.0000E+00
       1        4        4        0        0        0                         0.3042E+09  0.5924E+05  0.1051E+06  0.3509E+06  0.2611E+06  0.7709E+04  0.0000E+00  0.0000E+00
       1        5        5        0        0        0                         0.1150E+09  0.1779E+05  0.3293E+05  0.1416E+06  0.7580E+05  0.2747E+04  0.0000E+00  0.0000E+00
       1        6        6        0        0        0                         0.5050E+09  0.6986E+05  0.1504E+06  0.4261E+06  0.4129E+06  0.8881E+04  0.0000E+00  0.0000E+00
       1        7        7        0        0        0                         0.7351E+09  0.2388E+06  0.1028E+07  0.8704E+06  0.4274E+06  0.8559E+05  0.0000E+00  0.0000E+00
       1        8        8        0        0        0                         0.6811E+09  0.5690E+06  0.2130E+07  0.1906E+07  0.5906E+06  0.2100E+05  0.0000E+00  0.0000E+00
       1        9        9        0        0        0                         0.5637E+09  0.3690E+06  0.1092E+07  0.1249E+07  0.4180E+06  0.1793E+05  0.0000E+00  0.0000E+00
       1       10       10        0        0        0                         0.1621E+10  0.4698E+06  0.1664E+07  0.1925E+07  0.8446E+06  0.1182E+06  0.0000E+00  0.0000E+00
       1       11       11        0        0        0                         0.8762E+09  0.1136E+07  0.2406E+07  0.2984E+07  0.1940E+06  0.3845E+05  0.0000E+00  0.0000E+00
       1       12       12        0        0        0                         0.2986E+10  0.1526E+07  0.5755E+07  0.5760E+07  0.1517E+07  0.4386E+06  0.0000E+00  0.0000E+00
       1       13       13        0        0        0                         0.3450E+10  0.1063E+07  0.4081E+07  0.4977E+07  0.2041E+06  0.4590E+06  0.0000E+00  0.0000E+00
       1       14       14        0        0        0                         0.2138E+10  0.5462E+06  0.2285E+07  0.2200E+07  0.2241E+07  0.2006E+06  0.0000E+00  0.0000E+00
       1       15       15        0        0        0                         0.2377E+09  0.7019E+05  0.1419E+06  0.3506E+06  0.1193E+06  0.5924E+04  0.0000E+00  0.0000E+00
       1       16       16        0        0        0                         0.2414E+09  0.5214E+06  0.8481E+06  0.1319E+07  0.5374E+05  0.2224E+05  0.0000E+00  0.0000E+00
       1       17       17        0        0        0                         0.4447E+07  0.2343E+04  0.4761E+04  0.8812E+04  0.5979E+04  0.2207E+03  0.0000E+00  0.0000E+00
       1       18       18        0        0        0                         0.6410E+09  0.3464E+06  0.2345E+06  0.1552E+07  0.7395E+06  0.1570E+05  0.0000E+00  0.0000E+00
       1       19       19        0        0        0                         0.7550E+09  0.3431E+05  0.8274E+05  0.3638E+06  0.3315E+06  0.1874E+05  0.0000E+00  0.0000E+00
       1       20       20        0        0        0                         0.6525E+08  0.2213E+04  0.1076E+05  0.3137E+05  0.3076E+05  0.1156E+04  0.0000E+00  0.0000E+00
       1       21       21        0        0        0                         0.1908E+10  0.6440E+06  0.2574E+07  0.2397E+07  0.2591E+07  0.9826E+05  0.0000E+00  0.0000E+00
       1       22       22        0        0        0                         0.2192E+09  0.1177E+05  0.4056E+05  0.1643E+06  0.1484E+06  0.6540E+04  0.0000E+00  0.0000E+00
       1       23       23        0        0        0                         0.1561E+10  0.5699E+06  0.4298E+07  0.2996E+07  0.1490E+07  0.2273E+05  0.0000E+00  0.0000E+00
       1       24       24        0        0        0                         0.1083E+10  0.4521E+06  0.2930E+06  0.1857E+07  0.9442E+06  0.3453E+05  0.0000E+00  0.0000E+00
       1       25       25        0        0        0                         0.2274E+09  0.5343E+05  0.2333E+06  0.2080E+06  0.4638E+06  0.1666E+05  0.0000E+00  0.0000E+00
       1       26       26        0        0        0                         0.7789E+09  0.3098E+06  0.6140E+06  0.1263E+07  0.1293E+07  0.2812E+05  0.0000E+00  0.0000E+00
       1       27       27        0        0        0                         0.2209E+10  0.8191E+05  0.1935E+06  0.1528E+07  0.1457E+07  0.3096E+05  0.0000E+00  0.0000E+00
       1       28       28        0        0        0                         0.1533E+10  0.2070E+06  0.4672E+06  0.7342E+06  0.1534E+07  0.3101E+05  0.0000E+00  0.0000E+00
       1       29       29        0        0        0                         0.1414E+10  0.1561E+06  0.5605E+06  0.1099E+07  0.1902E+07  0.8696E+05  0.0000E+00  0.0000E+00
       1       30       30        0        0        0                         0.1510E+10  0.2200E+06  0.8983E+06  0.1067E+07  0.1001E+07  0.1753E+05  0.0000E+00  0.0000E+00
       1       31       31        0        0        0                         0.1601E+10  0.4716E+06  0.2117E+07  0.2008E+07  0.1266E+07  0.3407E+05  0.0000E+00  0.0000E+00
       1       32       32        0        0        0                         0.1021E+10  0.5526E+06  0.1207E+07  0.2127E+07  0.1470E+07  0.4331E+05  0.0000E+00  0.0000E+00
       1       33       33        0        0        0                         0.1254E+10  0.3258E+05  0.1202E+06  0.1534E+06  0.2091E+07  0.1164E+06  0.0000E+00  0.0000E+00
       1       34       34        0        0        0                         0.7271E+09  0.3462E+05  0.1183E+06  0.2046E+06  0.9568E+06  0.2409E+05  0.0000E+00  0.0000E+00
       1       35       35        0        0        0                         0.3273E+09  0.2155E+05  0.4373E+05  0.4576E+06  0.2647E+06  0.1152E+05  0.0000E+00  0.0000E+00
       1       36       36        0        0        0                         0.1933E+10  0.3259E+05  0.6384E+05  0.4735E+06  0.2515E+07  0.7704E+05  0.0000E+00  0.0000E+00
       1       37       37        0        0        0                         0.9063E+09  0.3311E+05  0.3084E+05  0.3812E+06  0.9543E+06  0.8250E+04  0.0000E+00  0.0000E+00
       1       38       38        0        0        0                         0.1295E+10  0.6734E+06  0.2875E+07  0.2378E+07  0.2055E+06  0.1817E+06  0.0000E+00  0.0000E+00
       1       39       39        0        0        0                         0.1036E+10  0.3799E+05  0.1269E+06  0.6872E+06  0.1022E+07  0.1164E+05  0.0000E+00  0.0000E+00
       1       40       40        0        0        0                         0.7172E+08  0.5062E+04  0.1347E+05  0.4577E+05  0.7692E+05  0.1112E+04  0.0000E+00  0.0000E+00
       1       41       41        0        0        0                         0.8252E+09  0.4530E+05  0.9834E+05  0.2397E+06  0.2373E+07  0.1422E+05  0.0000E+00  0.0000E+00
       1       42       42        0        0        0                         0.8327E+09  0.4536E+05  0.7193E+05  0.3479E+06  0.8811E+06  0.1246E+05  0.0000E+00  0.0000E+00
       1       43       43        0        0        0                         0.7745E+09  0.4895E+05  0.6568E+05  0.4178E+06  0.5488E+06  0.1938E+05  0.0000E+00  0.0000E+00
       1       44       44        0        0        0                         0.1124E+10  0.7938E+05  0.3246E+06  0.5371E+06  0.1001E+07  0.1156E+05  0.0000E+00  0.0000E+00
       1       45       45        0        0        0                         0.1114E+10  0.8538E+06  0.1811E+07  0.2060E+07  0.1544E+07  0.3627E+05  0.0000E+00  0.0000E+00
       1       46       46        0        0        0                         0.5082E+09  0.1449E+06  0.3429E+06  0.3680E+06  0.6506E+06  0.9108E+04  0.0000E+00  0.0000E+00
       1       47       47        0        0        0                         0.7397E+09  0.3861E+05  0.5491E+05  0.4495E+06  0.6039E+06  0.1022E+05  0.0000E+00  0.0000E+00
       1       48       48        0        0        0                         0.1141E+10  0.5924E+05  0.1435E+06  0.6062E+06  0.2378E+07  0.1700E+05  0.0000E+00  0.0000E+00
       1       49       49        0        0        0                         0.2756E+09  0.7641E+04  0.3018E+05  0.1139E+06  0.5498E+06  0.8435E+04  0.0000E+00  0.0000E+00
       1       50       50        0        0        0                         0.2239E+10  0.5761E+05  0.8363E+05  0.8833E+06  0.1511E+07  0.1430E+05  0.0000E+00  0.0000E+00
       1       51       51        0        0        0                         0.2201E+10  0.4112E+05  0.5596E+05  0.6461E+06  0.1937E+07  0.2664E+05  0.0000E+00  0.0000E+00
       1       52       52        0        0        0                         0.1745E+10  0.2174E+06  0.9057E+06  0.1028E+07  0.2801E+07  0.1463E+06  0.0000E+00  0.0000E+00
       1       53       53        0        0        0                         0.6331E+10  0.1039E+07  0.2681E+07  0.4235E+07  0.1158E+08  0.4618E+06  0.0000E+00  0.0000E+00
       1       54       54        0        0        0                         0.9865E+09  0.5520E+05  0.1387E+06  0.5217E+06  0.5736E+06  0.3111E+05  0.0000E+00  0.0000E+00
       1       55       55        0        0        0                         0.3372E+10  0.2232E+06  0.2989E+06  0.9663E+06  0.7199E+07  0.2801E+05  0.0000E+00  0.0000E+00
      11       56        1        0        0        0                   1p    0.0000E+00  0.0000E+00  0.0000E+00  0.0000E+00  0.0000E+00  0.0000E+00  0.0000E+00  0.0000E+00
       5       57        1       56        0        0                         0.1080E+10  0.5272E+05  0.2869E+06  0.3959E+06  0.1278E+07  0.4911E+04  0.0000E+00  0.0000E+00
       2       58        1       57        1        0                         0.1077E+10  0.5272E+05  0.2079E+06  0.2211E+06  0.1399E+07  0.1177E+05  0.0000E+00  0.0000E+00
       3       59        1       58        0        0                         0.1280E+10  0.4436E+04  0.1871E+06  0.1599E+06  0.1183E+07  0.8290E+04  0.1675E+06  0.6618E+06
      11       60        2        0        0        0                   2p    0.0000E+00  0.0000E+00  0.0000E+00  0.0000E+00  0.0000E+00  0.0000E+00  0.0000E+00  0.0000E+00
       5       61        2       60        0        0                         0.1098E+10  0.1720E+06  0.6263E+06  0.7924E+06  0.8820E+06  0.1221E+05  0.0000E+00  0.0000E+00
       2       62        2       61        2        0                         0.1093E+10  0.1720E+06  0.5365E+06  0.5016E+06  0.9349E+06  0.3231E+05  0.0000E+00  0.0000E+00
      11       63        3        0        0        0                   8p    0.0000E+00  0.0000E+00  0.0000E+00  0.0000E+00  0.0000E+00  0.0000E+00  0.0000E+00  0.0000E+00
       5       64        8       63        0        0                         0.6811E+09  0.5690E+06  0.2130E+07  0.1906E+07  0.5906E+06  0.2100E+05  0.0000E+00  0.0000E+00
       2       65        8       64        8        0                         0.6759E+09  0.2692E+06  0.1453E+07  0.9925E+06  0.6075E+06  0.1861E+06  0.0000E+00  0.0000E+00
       3       66        2       65        0        0                         0.8239E+09  0.3121E+04  0.1240E+07  0.5768E+06  0.4158E+06  0.1061E+06  0.1014E+06  0.3957E+06
       5       67        9       66        0        0                         0.1388E+10  0.3722E+06  0.2332E+07  0.1825E+07  0.8338E+06  0.1241E+06  0.1014E+06  0.3957E+06
      11       68        4        0        0        0                   9p    0.0000E+00  0.0000E+00  0.0000E+00  0.0000E+00  0.0000E+00  0.0000E+00  0.0000E+00  0.0000E+00
       5       69       67       68        0        0                         0.1388E+10  0.3722E+06  0.2332E+07  0.1825E+07  0.8338E+06  0.1241E+06  0.1014E+06  0.3957E+06
       2       70        9       69        9        0                         0.1376E+10  0.2773E+06  0.1774E+07  0.1053E+07  0.8245E+06  0.4169E+06  0.3147E+05  0.1229E+06
      11       71        5        0        0        0                  10p    0.0000E+00  0.0000E+00  0.0000E+00  0.0000E+00  0.0000E+00  0.0000E+00  0.0000E+00  0.0000E+00
       5       72       10       71        0        0                         0.1621E+10  0.4698E+06  0.1664E+07  0.1925E+07  0.8446E+06  0.1182E+06  0.0000E+00  0.0000E+00
       2       73       10       72       10        0                         0.1611E+10  0.4698E+06  0.1391E+07  0.1288E+07  0.8523E+06  0.2708E+06  0.0000E+00  0.0000E+00
       5       74       12       73        0        0                         0.4597E+10  0.1995E+07  0.7145E+07  0.7047E+07  0.2369E+07  0.7094E+06  0.0000E+00  0.0000E+00
      11       75        6        0        0        0                  12p    0.0000E+00  0.0000E+00  0.0000E+00  0.0000E+00  0.0000E+00  0.0000E+00  0.0000E+00  0.0000E+00
       5       76       74       75        0        0                         0.4597E+10  0.1995E+07  0.7145E+07  0.7047E+07  0.2369E+07  0.7094E+06  0.0000E+00  0.0000E+00
       2       77       12       76       12        0                         0.4584E+10  0.1995E+07  0.6775E+07  0.6373E+07  0.2381E+07  0.1110E+07  0.0000E+00  0.0000E+00
       3       78        3       77        0        0                         0.4429E+10  0.1363E+05  0.6247E+07  0.3947E+07  0.1720E+07  0.6378E+06  0.7204E+06  0.2514E+07
       5       79       19       78        0        0                         0.5184E+10  0.4794E+05  0.6330E+07  0.4310E+07  0.2052E+07  0.6566E+06  0.7204E+06  0.2514E+07
      11       80        7        0        0        0                  19p    0.0000E+00  0.0000E+00  0.0000E+00  0.0000E+00  0.0000E+00  0.0000E+00  0.0000E+00  0.0000E+00
       5       81       79       80        0        0                         0.5184E+10  0.4794E+05  0.6330E+07  0.4310E+07  0.2052E+07  0.6566E+06  0.7204E+06  0.2514E+07
       2       82       19       81       19        0                         0.5153E+10  0.4794E+05  0.5376E+07  0.2711E+07  0.1844E+07  0.1656E+07  0.3946E+06  0.1400E+07
       3       83        4       82        0        0                         0.5234E+10  0.3020E+05  0.1908E+07  0.1061E+07  0.6781E+06  0.5846E+06  0.4964E+06  0.1799E+07
       5       84       20       83        0        0                         0.5300E+10  0.3241E+05  0.1919E+07  0.1093E+07  0.7089E+06  0.5857E+06  0.4964E+06  0.1799E+07
      11       85        8        0        0        0                  20p    0.0000E+00  0.0000E+00  0.0000E+00  0.0000E+00  0.0000E+00  0.0000E+00  0.0000E+00  0.0000E+00
       5       86       84       85        0        0                         0.5300E+10  0.3241E+05  0.1919E+07  0.1093E+07  0.7089E+06  0.5857E+06  0.4964E+06  0.1799E+07
       2       87       20       86       20        0                         0.5269E+10  0.2707E+05  0.1714E+07  0.7299E+06  0.6726E+06  0.9744E+06  0.2834E+06  0.1087E+07
      11       88        9        0        0        0                  13p    0.0000E+00  0.0000E+00  0.0000E+00  0.0000E+00  0.0000E+00  0.0000E+00  0.0000E+00  0.0000E+00
       5       89       13       88        0        0                         0.3450E+10  0.1063E+07  0.4081E+07  0.4977E+07  0.2041E+06  0.4590E+06  0.0000E+00  0.0000E+00
       2       90       13       89       13        0                         0.3368E+10  0.3969E+06  0.2683E+07  0.2482E+07  0.2137E+06  0.1911E+07  0.0000E+00  0.0000E+00
      11       91       10        0        0        0                  21p    0.0000E+00  0.0000E+00  0.0000E+00  0.0000E+00  0.0000E+00  0.0000E+00  0.0000E+00  0.0000E+00
       5       92       21       91        0        0                         0.1908E+10  0.6440E+06  0.2574E+07  0.2397E+07  0.2591E+07  0.9826E+05  0.0000E+00  0.0000E+00
       2       93       21       92       21        0                         0.1900E+10  0.5988E+06  0.1814E+07  0.1387E+07  0.2925E+07  0.1418E+06  0.0000E+00  0.0000E+00
      11       94       11        0        0        0                  23p    0.0000E+00  0.0000E+00  0.0000E+00  0.0000E+00  0.0000E+00  0.0000E+00  0.0000E+00  0.0000E+00
       5       95       23       94        0        0                         0.1561E+10  0.5699E+06  0.4298E+07  0.2996E+07  0.1490E+07  0.2273E+05  0.0000E+00  0.0000E+00
       2       96       23       95       23        0                         0.1542E+10  0.3247E+06  0.3259E+07  0.1778E+07  0.1482E+07  0.2469E+06  0.0000E+00  0.0000E+00
      11       97       12        0        0        0                  27p    0.0000E+00  0.0000E+00  0.0000E+00  0.0000E+00  0.0000E+00  0.0000E+00  0.0000E+00  0.0000E+00
       5       98       27       97        0        0                         0.2209E+10  0.8191E+05  0.1935E+06  0.1528E+07  0.1457E+07  0.3096E+05  0.0000E+00  0.0000E+00
       2       99       27       98       27        0                         0.2167E+10  0.8191E+05  0.1130E+06  0.7228E+06  0.1518E+07  0.4700E+05  0.0000E+00  0.0000E+00
      11      100       13        0        0        0                  30p    0.0000E+00  0.0000E+00  0.0000E+00  0.0000E+00  0.0000E+00  0.0000E+00  0.0000E+00  0.0000E+00
       5      101       30      100        0        0                         0.1510E+10  0.2200E+06  0.8983E+06  0.1067E+07  0.1001E+07  0.1753E+05  0.0000E+00  0.0000E+00
       2      102       30      101       30        0                         0.1504E+10  0.2200E+06  0.4859E+06  0.5051E+06  0.1115E+07  0.2771E+05  0.0000E+00  0.0000E+00
       5      103       31      102        0        0                         0.3105E+10  0.6916E+06  0.2603E+07  0.2513E+07  0.2381E+07  0.6178E+05  0.0000E+00  0.0000E+00
      11      104       14        0        0        0                  31p    0.0000E+00  0.0000E+00  0.0000E+00  0.0000E+00  0.0000E+00  0.0000E+00  0.0000E+00  0.0000E+00
       5      105      103      104        0        0                         0.3105E+10  0.6916E+06  0.2603E+07  0.2513E+07  0.2381E+07  0.6178E+05  0.0000E+00  0.0000E+00
       2      106       31      105       31        0                         0.3005E+10  0.6915E+06  0.4678E+06  0.5503E+06  0.2391E+07  0.4781E+05  0.0000E+00  0.0000E+00
       3      107        5      106        0        0                         0.3675E+10  0.2046E+05  0.4620E+06  0.5111E+06  0.2325E+07  0.4265E+05  0.6579E+06  0.2583E+07
       5      108       32      107        0        0                         0.4696E+10  0.5730E+06  0.1669E+07  0.2638E+07  0.3796E+07  0.8596E+05  0.6579E+06  0.2583E+07
      11      109       15        0        0        0                  32p    0.0000E+00  0.0000E+00  0.0000E+00  0.0000E+00  0.0000E+00  0.0000E+00  0.0000E+00  0.0000E+00
       5      110      108      109        0        0                         0.4696E+10  0.5730E+06  0.1669E+07  0.2638E+07  0.3796E+07  0.8596E+05  0.6579E+06  0.2583E+07
       2      111       32      110       32        0                         0.3953E+10  0.5730E+06  0.6905E+06  0.7537E+06  0.3385E+07  0.1196E+06  0.9453E+05  0.3685E+06
       5      112       26      111        0        0                         0.4732E+10  0.8829E+06  0.1304E+07  0.2017E+07  0.4678E+07  0.1477E+06  0.9453E+05  0.3685E+06
      11      113       16        0        0        0                  26p    0.0000E+00  0.0000E+00  0.0000E+00  0.0000E+00  0.0000E+00  0.0000E+00  0.0000E+00  0.0000E+00
       5      114      112      113        0        0                         0.4732E+10  0.8829E+06  0.1304E+07  0.2017E+07  0.4678E+07  0.1477E+06  0.9453E+05  0.3685E+06
       2      115       26      114       26        0                         0.4031E+10  0.8829E+06  0.3158E+06  0.3102E+06  0.3695E+07  0.1706E+06  0.2331E+05  0.9121E+05
       3      116        6      115        0        0                         0.3435E+10  0.3435E+04  0.2909E+06  0.1586E+06  0.3358E+07  0.1019E+06  0.9348E+04  0.9304E+04
      11      117       17        0        0        0                  34p    0.0000E+00  0.0000E+00  0.0000E+00  0.0000E+00  0.0000E+00  0.0000E+00  0.0000E+00  0.0000E+00
       5      118       34      117        0        0                         0.7271E+09  0.3462E+05  0.1183E+06  0.2046E+06  0.9568E+06  0.2409E+05  0.0000E+00  0.0000E+00
       2      119       34      118       34        0                         0.7264E+09  0.3462E+05  0.1161E+06  0.1971E+06  0.9571E+06  0.2914E+05  0.0000E+00  0.0000E+00
       3      120        7      119        0        0                         0.5991E+09  0.1331E+04  0.1028E+06  0.1087E+06  0.7255E+06  0.1582E+05  0.5574E+05  0.2138E+06
       5      121       33      120        0        0                         0.1853E+10  0.3391E+05  0.2230E+06  0.2621E+06  0.2817E+07  0.1322E+06  0.5574E+05  0.2138E+06
      11      122       18        0        0        0                  33p    0.0000E+00  0.0000E+00  0.0000E+00  0.0000E+00  0.0000E+00  0.0000E+00  0.0000E+00  0.0000E+00
       5      123      121      122        0        0                         0.1853E+10  0.3391E+05  0.2230E+06  0.2621E+06  0.2817E+07  0.1322E+06  0.5574E+05  0.2138E+06
       2      124       33      123       33        0                         0.1819E+10  0.2935E+05  0.1826E+06  0.1590E+06  0.2850E+07  0.1771E+06  0.1389E+05  0.5315E+05
       5      125       29      124        0        0                         0.3232E+10  0.1855E+06  0.7430E+06  0.1258E+07  0.4752E+07  0.2641E+06  0.1389E+05  0.5315E+05
      11      126       19        0        0        0                  29p    0.0000E+00  0.0000E+00  0.0000E+00  0.0000E+00  0.0000E+00  0.0000E+00  0.0000E+00  0.0000E+00
       5      127      125      126        0        0                         0.3232E+10  0.1855E+06  0.7430E+06  0.1258E+07  0.4752E+07  0.2641E+06  0.1389E+05  0.5315E+05
       2      128       29      127       29        0                         0.3182E+10  0.1855E+06  0.5268E+06  0.6901E+06  0.4981E+07  0.3713E+06  0.5635E+04  0.2165E+05
      11      129       20        0        0        0                  38p    0.0000E+00  0.0000E+00  0.0000E+00  0.0000E+00  0.0000E+00  0.0000E+00  0.0000E+00  0.0000E+00
       5      130       38      129        0        0                         0.1295E+10  0.6734E+06  0.2875E+07  0.2378E+07  0.2055E+06  0.1817E+06  0.0000E+00  0.0000E+00
       2      131       38      130       38        0                         0.1207E+10  0.6734E+06  0.2070E+07  0.1382E+07  0.2326E+06  0.2664E+06  0.0000E+00  0.0000E+00
      11      132       21        0        0        0                  39p    0.0000E+00  0.0000E+00  0.0000E+00  0.0000E+00  0.0000E+00  0.0000E+00  0.0000E+00  0.0000E+00
       5      133       39      132        0        0                         0.1036E+10  0.3799E+05  0.1269E+06  0.6872E+06  0.1022E+07  0.1164E+05  0.0000E+00  0.0000E+00
       2      134       39      133       39        0                         0.1030E+10  0.3799E+05  0.9722E+05  0.3785E+06  0.1059E+07  0.2481E+05  0.0000E+00  0.0000E+00
       3      135        8      134        0        0                         0.1196E+10  0.1172E+05  0.7253E+05  0.2452E+06  0.9256E+06  0.1523E+05  0.2482E+06  0.1006E+07
      11      136       22        0        0        0                  41p    0.0000E+00  0.0000E+00  0.0000E+00  0.0000E+00  0.0000E+00  0.0000E+00  0.0000E+00  0.0000E+00
       5      137       41      136        0        0                         0.8252E+09  0.4530E+05  0.9834E+05  0.2397E+06  0.2373E+07  0.1422E+05  0.0000E+00  0.0000E+00
       2      138       41      137       41        0                         0.8204E+09  0.4495E+05  0.5531E+05  0.1126E+06  0.2477E+07  0.2236E+05  0.0000E+00  0.0000E+00
       3      139        9      138        0        0                         0.1117E+10  0.3452E+04  0.4956E+05  0.6081E+05  0.2061E+07  0.1323E+05  0.2270E+06  0.9038E+06
       5      140       48      139        0        0                         0.2258E+10  0.6269E+05  0.1931E+06  0.6670E+06  0.4439E+07  0.3024E+05  0.2270E+06  0.9038E+06
      11      141       23        0        0        0                  48p    0.0000E+00  0.0000E+00  0.0000E+00  0.0000E+00  0.0000E+00  0.0000E+00  0.0000E+00  0.0000E+00
       5      142      140      141        0        0                         0.2258E+10  0.6269E+05  0.1931E+06  0.6670E+06  0.4439E+07  0.3024E+05  0.2270E+06  0.9038E+06
       2      143       48      142       48        0                         0.2236E+10  0.6269E+05  0.1525E+06  0.3566E+06  0.4555E+07  0.5656E+05  0.1122E+06  0.4475E+06
       5      144       52      143        0        0                         0.3981E+10  0.2801E+06  0.1058E+07  0.1385E+07  0.7355E+07  0.2029E+06  0.1122E+06  0.4475E+06
      11      145       24        0        0        0                  52p    0.0000E+00  0.0000E+00  0.0000E+00  0.0000E+00  0.0000E+00  0.0000E+00  0.0000E+00  0.0000E+00
       5      146      144      145        0        0                         0.3981E+10  0.2801E+06  0.1058E+07  0.1385E+07  0.7355E+07  0.2029E+06  0.1122E+06  0.4475E+06
       2      147       52      146       52        0                         0.3935E+10  0.2801E+06  0.7164E+06  0.7660E+06  0.7740E+07  0.2910E+06  0.6971E+05  0.2781E+06
      11      148       25        0        0        0                  44p    0.0000E+00  0.0000E+00  0.0000E+00  0.0000E+00  0.0000E+00  0.0000E+00  0.0000E+00  0.0000E+00
       5      149       44      148        0        0                         0.1124E+10  0.7938E+05  0.3246E+06  0.5371E+06  0.1001E+07  0.1156E+05  0.0000E+00  0.0000E+00
       2      150       44      149       44        0                         0.1112E+10  0.7938E+05  0.1554E+06  0.2110E+06  0.1063E+07  0.1545E+05  0.0000E+00  0.0000E+00
       3      151       10      150        0        0                         0.1230E+10  0.8040E+04  0.1495E+06  0.1881E+06  0.7376E+06  0.1187E+05  0.8378E+05  0.3843E+06
       5      152       40      151        0        0                         0.1302E+10  0.1310E+05  0.1630E+06  0.2339E+06  0.8145E+06  0.1298E+05  0.8378E+05  0.3843E+06
      11      153       26        0        0        0                  40p    0.0000E+00  0.0000E+00  0.0000E+00  0.0000E+00  0.0000E+00  0.0000E+00  0.0000E+00  0.0000E+00
       5      154      152      153        0        0                         0.1302E+10  0.1310E+05  0.1630E+06  0.2339E+06  0.8145E+06  0.1298E+05  0.8378E+05  0.3843E+06
       2      155       40      154       40        0                         0.1289E+10  0.1300E+05  0.1401E+06  0.1571E+06  0.8761E+06  0.2480E+05  0.2108E+05  0.1021E+06
      11      156       27        0        0        0                  45p    0.0000E+00  0.0000E+00  0.0000E+00  0.0000E+00  0.0000E+00  0.0000E+00  0.0000E+00  0.0000E+00
       5      157       45      156        0        0                         0.1114E+10  0.8538E+06  0.1811E+07  0.2060E+07  0.1544E+07  0.3627E+05  0.0000E+00  0.0000E+00
       2      158       45      157       45        0                         0.1094E+10  0.8538E+06  0.7947E+06  0.7750E+06  0.1999E+07  0.4593E+05  0.0000E+00  0.0000E+00
      11      159       28        0        0        0                  54p    0.0000E+00  0.0000E+00  0.0000E+00  0.0000E+00  0.0000E+00  0.0000E+00  0.0000E+00  0.0000E+00
       5      160       54      159        0        0                         0.9865E+09  0.5520E+05  0.1387E+06  0.5217E+06  0.5736E+06  0.3111E+05  0.0000E+00  0.0000E+00
       2      161       54      160       54        0                         0.9799E+09  0.5520E+05  0.1043E+06  0.3387E+06  0.5975E+06  0.6109E+05  0.0000E+00  0.0000E+00
       5      162       22       87        0        0                         0.5488E+10  0.3885E+05  0.1754E+07  0.8943E+06  0.8209E+06  0.9809E+06  0.2834E+06  0.1087E+07
       5      163      162       93        0        0                         0.7388E+10  0.6377E+06  0.3569E+07  0.2281E+07  0.3746E+07  0.1123E+07  0.2834E+06  0.1087E+07
      11      164       29        0        0        0                  22p    0.0000E+00  0.0000E+00  0.0000E+00  0.0000E+00  0.0000E+00  0.0000E+00  0.0000E+00  0.0000E+00
       5      165      163      164        0        0                         0.7388E+10  0.6377E+06  0.3569E+07  0.2281E+07  0.3746E+07  0.1123E+07  0.2834E+06  0.1087E+07
       2      166       22      165       22        0                         0.7349E+10  0.5628E+06  0.2905E+07  0.1563E+07  0.3869E+07  0.1683E+07  0.1705E+06  0.6626E+06
       5      167       15       90        0        0                         0.3606E+10  0.4671E+06  0.2825E+07  0.2833E+07  0.3330E+06  0.1917E+07  0.0000E+00  0.0000E+00
       5      168      167       96        0        0                         0.5148E+10  0.7918E+06  0.6085E+07  0.4610E+07  0.1815E+07  0.2164E+07  0.0000E+00  0.0000E+00
       5      169      168       99        0        0                         0.7315E+10  0.8737E+06  0.6198E+07  0.5333E+07  0.3334E+07  0.2211E+07  0.0000E+00  0.0000E+00
      11      170       30        0        0        0                  15p    0.0000E+00  0.0000E+00  0.0000E+00  0.0000E+00  0.0000E+00  0.0000E+00  0.0000E+00  0.0000E+00
       5      171      169      170        0        0                         0.7315E+10  0.8737E+06  0.6198E+07  0.5333E+07  0.3334E+07  0.2211E+07  0.0000E+00  0.0000E+00
       2      172       15      171       15        0                         0.7183E+10  0.8737E+06  0.3955E+07  0.2913E+07  0.3509E+07  0.2868E+07  0.0000E+00  0.0000E+00
       3      173       11      172        0        0                         0.6793E+10  0.9510E+05  0.1331E+07  0.1239E+07  0.2065E+07  0.1217E+07  0.3534E+06  0.1421E+07
       5      174       18      173        0        0                         0.7434E+10  0.4415E+06  0.1565E+07  0.2791E+07  0.2805E+07  0.1233E+07  0.3534E+06  0.1421E+07
      11      175       31        0        0        0                  18p    0.0000E+00  0.0000E+00  0.0000E+00  0.0000E+00  0.0000E+00  0.0000E+00  0.0000E+00  0.0000E+00
       5      176      174      175        0        0                         0.7434E+10  0.4415E+06  0.1565E+07  0.2791E+07  0.2805E+07  0.1233E+07  0.3534E+06  0.1421E+07
       2      177       18      176       18        0                         0.7318E+10  0.4415E+06  0.1285E+07  0.1670E+07  0.2795E+07  0.1398E+07  0.1737E+06  0.6972E+06
       5      178       37      135        0        0                         0.2102E+10  0.4483E+05  0.1034E+06  0.6264E+06  0.1880E+07  0.2348E+05  0.2482E+06  0.1006E+07
       5      179      178      155        0        0                         0.3391E+10  0.5783E+05  0.2434E+06  0.7835E+06  0.2756E+07  0.4828E+05  0.2693E+06  0.1108E+07
      11      180       32        0        0        0                  37p    0.0000E+00  0.0000E+00  0.0000E+00  0.0000E+00  0.0000E+00  0.0000E+00  0.0000E+00  0.0000E+00
       5      181      179      180        0        0                         0.3391E+10  0.5783E+05  0.2434E+06  0.7835E+06  0.2756E+07  0.4828E+05  0.2693E+06  0.1108E+07
       2      182       37      181       37        0                         0.3374E+10  0.5783E+05  0.2326E+06  0.5519E+06  0.2809E+07  0.1084E+06  0.1139E+06  0.4690E+06
       5      183       35      182        0        0                         0.3701E+10  0.7938E+05  0.2763E+06  0.1009E+07  0.3074E+07  0.1199E+06  0.1139E+06  0.4690E+06
      11      184       33        0        0        0                  35p    0.0000E+00  0.0000E+00  0.0000E+00  0.0000E+00  0.0000E+00  0.0000E+00  0.0000E+00  0.0000E+00
       5      185      183      184        0        0                         0.3701E+10  0.7938E+05  0.2763E+06  0.1009E+07  0.3074E+07  0.1199E+06  0.1139E+06  0.4690E+06
       2      186       35      185       35        0                         0.3684E+10  0.7938E+05  0.2333E+06  0.6812E+06  0.3134E+07  0.2599E+06  0.7285E+05  0.2994E+06
       5      187        6       59        0        0                         0.1785E+10  0.7429E+05  0.3376E+06  0.5860E+06  0.1596E+07  0.1717E+05  0.1675E+06  0.6618E+06
       5      188      187       70        0        0                         0.3161E+10  0.3516E+06  0.2112E+07  0.1639E+07  0.2421E+07  0.4341E+06  0.1990E+06  0.7847E+06
      11      189       34        0        0        0                   6p    0.0000E+00  0.0000E+00  0.0000E+00  0.0000E+00  0.0000E+00  0.0000E+00  0.0000E+00  0.0000E+00
       5      190      188      189        0        0                         0.3161E+10  0.3516E+06  0.2112E+07  0.1639E+07  0.2421E+07  0.4341E+06  0.1990E+06  0.7847E+06
       2      191        6      190        6        0                         0.3152E+10  0.3516E+06  0.1722E+07  0.1062E+07  0.2447E+07  0.6964E+06  0.4438E+05  0.1748E+06
       3      192       12      191        0        0                         0.3214E+10  0.1014E+05  0.1692E+07  0.9770E+06  0.2366E+07  0.6450E+06  0.1743E+06  0.7067E+06
       5      193        5      192        0        0                         0.3329E+10  0.2794E+05  0.1725E+07  0.1119E+07  0.2442E+07  0.6477E+06  0.1743E+06  0.7067E+06
      11      194       35        0        0        0                   5p    0.0000E+00  0.0000E+00  0.0000E+00  0.0000E+00  0.0000E+00  0.0000E+00  0.0000E+00  0.0000E+00
       5      195      193      194        0        0                         0.3329E+10  0.2794E+05  0.1725E+07  0.1119E+07  0.2442E+07  0.6477E+06  0.1743E+06  0.7067E+06
       2      196        5      195        5        0                         0.3321E+10  0.2770E+05  0.1629E+07  0.8537E+06  0.2366E+07  0.8715E+06  0.6137E+05  0.2534E+06
       3      197       13      196        0        0                         0.2254E+10  0.6669E+04  0.9946E+05  0.7198E+05  0.1852E+06  0.4762E+05  0.7878E+05  0.2904E+06
       5      198        4      197        0        0                         0.2558E+10  0.6591E+05  0.2046E+06  0.4228E+06  0.4463E+06  0.5532E+05  0.7878E+05  0.2904E+06
      11      199       36        0        0        0                   4p    0.0000E+00  0.0000E+00  0.0000E+00  0.0000E+00  0.0000E+00  0.0000E+00  0.0000E+00  0.0000E+00
       5      200      198      199        0        0                         0.2558E+10  0.6591E+05  0.2046E+06  0.4228E+06  0.4463E+06  0.5532E+05  0.7878E+05  0.2904E+06
       2      201        4      200        4        0                         0.2551E+10  0.6518E+05  0.1998E+06  0.2924E+06  0.4763E+06  0.9180E+05  0.2810E+05  0.1071E+06
       5      202       25      128        0        0                         0.3410E+10  0.2389E+06  0.7601E+06  0.8980E+06  0.5445E+07  0.3879E+06  0.5635E+04  0.2165E+05
       5      203      202      131        0        0                         0.4617E+10  0.9123E+06  0.2830E+07  0.2280E+07  0.5678E+07  0.6543E+06  0.5635E+04  0.2165E+05
      11      204       37        0        0        0                  25p    0.0000E+00  0.0000E+00  0.0000E+00  0.0000E+00  0.0000E+00  0.0000E+00  0.0000E+00  0.0000E+00
       5      205      203      204        0        0                         0.4617E+10  0.9123E+06  0.2830E+07  0.2280E+07  0.5678E+07  0.6543E+06  0.5635E+04  0.2165E+05
       2      206       25      205       25        0                         0.4558E+10  0.9123E+06  0.2266E+07  0.1523E+07  0.5767E+07  0.1077E+07  0.2754E+04  0.1060E+05
       5      207       11       62        0        0                         0.1969E+10  0.1308E+07  0.2942E+07  0.3486E+07  0.1129E+07  0.7076E+05  0.0000E+00  0.0000E+00
       5      208      207      201        0        0                         0.4520E+10  0.1373E+07  0.3142E+07  0.3778E+07  0.1605E+07  0.1626E+06  0.2810E+05  0.1071E+06
      11      209       38        0        0        0                  11p    0.0000E+00  0.0000E+00  0.0000E+00  0.0000E+00  0.0000E+00  0.0000E+00  0.0000E+00  0.0000E+00
       5      210      208      209        0        0                         0.4520E+10  0.1373E+07  0.3142E+07  0.3778E+07  0.1605E+07  0.1626E+06  0.2810E+05  0.1071E+06
       2      211       11      210       11        0                         0.4496E+10  0.1373E+07  0.2284E+07  0.2240E+07  0.1671E+07  0.3446E+06  0.1368E+05  0.5371E+05
       3      212       14      211        0        0                         0.6088E+10  0.2242E+05  0.2229E+07  0.1867E+07  0.1524E+07  0.2774E+06  0.6616E+06  0.2526E+07
       5      213       16      212        0        0                         0.6330E+10  0.5438E+06  0.3077E+07  0.3186E+07  0.1578E+07  0.2996E+06  0.6616E+06  0.2526E+07
      11      214       39        0        0        0                  16p    0.0000E+00  0.0000E+00  0.0000E+00  0.0000E+00  0.0000E+00  0.0000E+00  0.0000E+00  0.0000E+00
       5      215      213      214        0        0                         0.6330E+10  0.5438E+06  0.3077E+07  0.3186E+07  0.1578E+07  0.2996E+06  0.6616E+06  0.2526E+07
       2      216       16      215       16        0                         0.6295E+10  0.5438E+06  0.2669E+07  0.2140E+07  0.1481E+07  0.7780E+06  0.4068E+06  0.1557E+07
       5      217       17      216        0        0                         0.6300E+10  0.5462E+06  0.2674E+07  0.2149E+07  0.1487E+07  0.7783E+06  0.4068E+06  0.1557E+07
       5      218      217      177        0        0                         0.1362E+11  0.9877E+06  0.3959E+07  0.3819E+07  0.4282E+07  0.2176E+07  0.5805E+06  0.2254E+07
      11      219       40        0        0        0                  17p    0.0000E+00  0.0000E+00  0.0000E+00  0.0000E+00  0.0000E+00  0.0000E+00  0.0000E+00  0.0000E+00
       5      220      218      219        0        0                         0.1362E+11  0.9877E+06  0.3959E+07  0.3819E+07  0.4282E+07  0.2176E+07  0.5805E+06  0.2254E+07
       2      221       17      220       17        0                         0.1360E+11  0.9877E+06  0.3846E+07  0.3608E+07  0.4276E+07  0.2338E+07  0.3941E+06  0.1532E+07
       5      222       24      221        0        0                         0.1468E+11  0.1440E+07  0.4139E+07  0.5465E+07  0.5221E+07  0.2372E+07  0.3941E+06  0.1532E+07
      11      223       41        0        0        0                  24p    0.0000E+00  0.0000E+00  0.0000E+00  0.0000E+00  0.0000E+00  0.0000E+00  0.0000E+00  0.0000E+00
       5      224      222      223        0        0                         0.1468E+11  0.1440E+07  0.4139E+07  0.5465E+07  0.5221E+07  0.2372E+07  0.3941E+06  0.1532E+07
       2      225       24      224       24        0                         0.1450E+11  0.1312E+07  0.3395E+07  0.3463E+07  0.5238E+07  0.3473E+07  0.2016E+06  0.7818E+06
       3      226       15      225        0        0                         0.1481E+11  0.1061E+06  0.9844E+06  0.8971E+06  0.2589E+07  0.1128E+07  0.6540E+06  0.2530E+07
       5      227       28      166        0        0                         0.8882E+10  0.7699E+06  0.3372E+07  0.2298E+07  0.5402E+07  0.1714E+07  0.1705E+06  0.6626E+06
       5      228      227      226        0        0                         0.2369E+11  0.8760E+06  0.4356E+07  0.3195E+07  0.7992E+07  0.2842E+07  0.8245E+06  0.3193E+07
       5      229      228      116        0        0                         0.2713E+11  0.8794E+06  0.4647E+07  0.3353E+07  0.1135E+08  0.2944E+07  0.8339E+06  0.3202E+07
      11      230       42        0        0        0                  28p    0.0000E+00  0.0000E+00  0.0000E+00  0.0000E+00  0.0000E+00  0.0000E+00  0.0000E+00  0.0000E+00
       5      231      229      230        0        0                         0.2713E+11  0.8794E+06  0.4647E+07  0.3353E+07  0.1135E+08  0.2944E+07  0.8339E+06  0.3202E+07
       2      232       28      231       28        0                         0.2684E+11  0.8794E+06  0.4212E+07  0.2376E+07  0.1149E+08  0.3884E+07  0.3660E+06  0.1404E+07
       3      233       16      232        0        0                         0.2763E+11  0.1593E+06  0.2670E+07  0.1626E+07  0.7030E+07  0.2468E+07  0.1618E+07  0.6410E+07
       5      234       42      233        0        0                         0.2846E+11  0.2047E+06  0.2742E+07  0.1974E+07  0.7911E+07  0.2481E+07  0.1618E+07  0.6410E+07
       5      235      234      186        0        0                         0.3215E+11  0.2841E+06  0.2975E+07  0.2655E+07  0.1104E+08  0.2741E+07  0.1691E+07  0.6709E+07
      11      236       43        0        0        0                  42p    0.0000E+00  0.0000E+00  0.0000E+00  0.0000E+00  0.0000E+00  0.0000E+00  0.0000E+00  0.0000E+00
       5      237      235      236        0        0                         0.3215E+11  0.2841E+06  0.2975E+07  0.2655E+07  0.1104E+08  0.2741E+07  0.1691E+07  0.6709E+07
       2      238       42      237       42        0                         0.3190E+11  0.2841E+06  0.3054E+07  0.1965E+07  0.1131E+08  0.3418E+07  0.1017E+07  0.4047E+07
       3      239       17      238        0        0                         0.3261E+11  0.4013E+06  0.1551E+07  0.1054E+07  0.5146E+07  0.1871E+07  0.1661E+07  0.6537E+07
       5      240       43      239        0        0                         0.3338E+11  0.4503E+06  0.1617E+07  0.1472E+07  0.5694E+07  0.1891E+07  0.1661E+07  0.6537E+07
      11      241       44        0        0        0                  43p    0.0000E+00  0.0000E+00  0.0000E+00  0.0000E+00  0.0000E+00  0.0000E+00  0.0000E+00  0.0000E+00
       5      242      240      241        0        0                         0.3338E+11  0.4503E+06  0.1617E+07  0.1472E+07  0.5694E+07  0.1891E+07  0.1661E+07  0.6537E+07
       2      243       43      242       43        0                         0.3335E+11  0.4499E+06  0.1664E+07  0.1321E+07  0.5638E+07  0.2024E+07  0.1117E+07  0.4425E+07
       5      244       47      243        0        0                         0.3409E+11  0.4885E+06  0.1719E+07  0.1770E+07  0.6242E+07  0.2034E+07  0.1117E+07  0.4425E+07
      11      245       45        0        0        0                  47p    0.0000E+00  0.0000E+00  0.0000E+00  0.0000E+00  0.0000E+00  0.0000E+00  0.0000E+00  0.0000E+00
       5      246      244      245        0        0                         0.3409E+11  0.4885E+06  0.1719E+07  0.1770E+07  0.6242E+07  0.2034E+07  0.1117E+07  0.4425E+07
       2      247       47      246       47        0                         0.3383E+11  0.4809E+06  0.1654E+07  0.1175E+07  0.6353E+07  0.2398E+07  0.6477E+06  0.2542E+07
       3      248       18      247        0        0                         0.3407E+11  0.2488E+06  0.1433E+07  0.9112E+06  0.5603E+07  0.2116E+07  0.1012E+07  0.4079E+07
       5      249       46      158        0        0                         0.1602E+10  0.9988E+06  0.1138E+07  0.1143E+07  0.2649E+07  0.5503E+05  0.0000E+00  0.0000E+00
       5      250      249      248        0        0                         0.3568E+11  0.1248E+07  0.2570E+07  0.2054E+07  0.8252E+07  0.2171E+07  0.1012E+07  0.4079E+07
      11      251       46        0        0        0                  46p    0.0000E+00  0.0000E+00  0.0000E+00  0.0000E+00  0.0000E+00  0.0000E+00  0.0000E+00  0.0000E+00
       5      252      250      251        0        0                         0.3568E+11  0.1248E+07  0.2570E+07  0.2054E+07  0.8252E+07  0.2171E+07  0.1012E+07  0.4079E+07
       2      253       46      252       46        0                         0.3564E+11  0.1218E+07  0.2607E+07  0.1744E+07  0.8139E+07  0.2448E+07  0.6605E+06  0.2674E+07
       5      254       55      253        0        0                         0.3901E+11  0.1441E+07  0.2906E+07  0.2710E+07  0.1534E+08  0.2476E+07  0.6605E+06  0.2674E+07
      11      255       47        0        0        0                  55p    0.0000E+00  0.0000E+00  0.0000E+00  0.0000E+00  0.0000E+00  0.0000E+00  0.0000E+00  0.0000E+00
       5      256      254      255        0        0                         0.3901E+11  0.1441E+07  0.2906E+07  0.2710E+07  0.1534E+08  0.2476E+07  0.6605E+06  0.2674E+07
       2      257       55      256       55        0                         0.3885E+11  0.1308E+07  0.2463E+07  0.1769E+07  0.1555E+08  0.2994E+07  0.3566E+06  0.1433E+07
       3      258       19      257        0        0                         0.3998E+11  0.3840E+06  0.1737E+07  0.1322E+07  0.7067E+07  0.1744E+07  0.1751E+07  0.6997E+07
       5      259       53      147        0        0                         0.1027E+11  0.1319E+07  0.3397E+07  0.5001E+07  0.1932E+08  0.7528E+06  0.6971E+05  0.2781E+06
       5      260      259      258        0        0                         0.5024E+11  0.1703E+07  0.5134E+07  0.6323E+07  0.2639E+08  0.2497E+07  0.1821E+07  0.7276E+07
      11      261       48        0        0        0                  53p    0.0000E+00  0.0000E+00  0.0000E+00  0.0000E+00  0.0000E+00  0.0000E+00  0.0000E+00  0.0000E+00
       5      262      260      261        0        0                         0.5024E+11  0.1703E+07  0.5134E+07  0.6323E+07  0.2639E+08  0.2497E+07  0.1821E+07  0.7276E+07
       2      263       53      262       53        0                         0.5002E+11  0.1703E+07  0.4625E+07  0.4538E+07  0.2704E+08  0.3656E+07  0.1196E+07  0.4773E+07
       3      264       20      263        0        0                         0.5280E+11  0.5758E+06  0.4196E+07  0.3971E+07  0.1918E+08  0.3169E+07  0.2375E+07  0.9406E+07
       5      265       51      264        0        0                         0.5500E+11  0.6169E+06  0.4252E+07  0.4618E+07  0.2112E+08  0.3195E+07  0.2375E+07  0.9406E+07
      11      266       49        0        0        0                  51p    0.0000E+00  0.0000E+00  0.0000E+00  0.0000E+00  0.0000E+00  0.0000E+00  0.0000E+00  0.0000E+00
       5      267      265      266        0        0                         0.5500E+11  0.6169E+06  0.4252E+07  0.4618E+07  0.2112E+08  0.3195E+07  0.2375E+07  0.9406E+07
       2      268       51      267       51        0                         0.5491E+11  0.6056E+06  0.4403E+07  0.3945E+07  0.2103E+08  0.3751E+07  0.1362E+07  0.5430E+07
       3      269       21      268        0        0                         0.5505E+11  0.2479E+06  0.4389E+07  0.3876E+07  0.2061E+08  0.3685E+07  0.2273E+07  0.9056E+07
       5      270       50      269        0        0                         0.5728E+11  0.3055E+06  0.4473E+07  0.4759E+07  0.2212E+08  0.3699E+07  0.2273E+07  0.9056E+07
       5      271      270      161        0        0                         0.5826E+11  0.3607E+06  0.4577E+07  0.5098E+07  0.2272E+08  0.3760E+07  0.2273E+07  0.9056E+07
      11      272       50        0        0        0                  50p    0.0000E+00  0.0000E+00  0.0000E+00  0.0000E+00  0.0000E+00  0.0000E+00  0.0000E+00  0.0000E+00
       5      273      271      272        0        0                         0.5826E+11  0.3607E+06  0.4577E+07  0.5098E+07  0.2272E+08  0.3760E+07  0.2273E+07  0.9056E+07
       2      274       50      273       50        0                         0.5809E+11  0.3556E+06  0.4834E+07  0.3926E+07  0.2265E+08  0.4802E+07  0.1307E+07  0.5229E+07
       3      275       22      274        0        0                         0.5841E+11  0.3312E+06  0.4651E+07  0.3740E+07  0.2118E+08  0.4491E+07  0.2475E+07  0.9461E+07
       5      276       49      275        0        0                         0.5868E+11  0.3388E+06  0.4681E+07  0.3854E+07  0.2173E+08  0.4499E+07  0.2475E+07  0.9461E+07
      11      277       51        0        0        0                  49p    0.0000E+00  0.0000E+00  0.0000E+00  0.0000E+00  0.0000E+00  0.0000E+00  0.0000E+00  0.0000E+00
       5      278      276      277        0        0                         0.5868E+11  0.3388E+06  0.4681E+07  0.3854E+07  0.2173E+08  0.4499E+07  0.2475E+07  0.9461E+07
       2      279       49      278       49        0                         0.5849E+11  0.2236E+06  0.4768E+07  0.2859E+07  0.2153E+08  0.5466E+07  0.1457E+07  0.5571E+07
       5      280       36      279        0        0                         0.6042E+11  0.2562E+06  0.4832E+07  0.3333E+07  0.2405E+08  0.5543E+07  0.1457E+07  0.5571E+07
      11      281       52        0        0        0                  36p    0.0000E+00  0.0000E+00  0.0000E+00  0.0000E+00  0.0000E+00  0.0000E+00  0.0000E+00  0.0000E+00
       5      282      280      281        0        0                         0.6042E+11  0.2562E+06  0.4832E+07  0.3333E+07  0.2405E+08  0.5543E+07  0.1457E+07  0.5571E+07
       2      283       36      282       36        0                         0.5970E+11  0.1782E+06  0.4243E+07  0.2318E+07  0.2452E+08  0.6548E+07  0.7196E+06  0.2755E+07
       5      284       14      206        0        0                         0.6696E+10  0.1458E+07  0.4552E+07  0.3723E+07  0.8008E+07  0.1278E+07  0.2754E+04  0.1060E+05
       5      285      284      283        0        0                         0.6639E+11  0.1637E+07  0.8795E+07  0.6041E+07  0.3252E+08  0.7826E+07  0.7224E+06  0.2765E+07
      11      286       53        0        0        0                  14p    0.0000E+00  0.0000E+00  0.0000E+00  0.0000E+00  0.0000E+00  0.0000E+00  0.0000E+00  0.0000E+00
       5      287      285      286        0        0                         0.6639E+11  0.1637E+07  0.8795E+07  0.6041E+07  0.3252E+08  0.7826E+07  0.7224E+06  0.2765E+07
       2      288       14      287       14        0                         0.6590E+11  0.1637E+07  0.7544E+07  0.4416E+07  0.3331E+08  0.9221E+07  0.4459E+06  0.1706E+07
       5      289        7      288        0        0                         0.6664E+11  0.1875E+07  0.8572E+07  0.5287E+07  0.3373E+08  0.9307E+07  0.4459E+06  0.1706E+07
      11      290       54        0        0        0                   7p    0.0000E+00  0.0000E+00  0.0000E+00  0.0000E+00  0.0000E+00  0.0000E+00  0.0000E+00  0.0000E+00
       5      291      289      290        0        0                         0.6664E+11  0.1875E+07  0.8572E+07  0.5287E+07  0.3373E+08  0.9307E+07  0.4459E+06  0.1706E+07
       2      292        7      291        7        0                         0.6610E+11  0.1789E+07  0.7134E+07  0.3754E+07  0.3438E+08  0.1049E+08  0.2593E+06  0.9913E+06
       3      293       23      292        0        0                         0.6821E+11  0.1034E+07  0.3758E+07  0.1875E+07  0.2394E+08  0.5817E+07  0.3705E+07  0.1477E+08
       5      294        3      293        0        0                         0.6907E+11  0.1338E+07  0.4786E+07  0.2974E+07  0.2512E+08  0.5940E+07  0.3705E+07  0.1477E+08
      11      295       55        0        0        0                   3p    0.0000E+00  0.0000E+00  0.0000E+00  0.0000E+00  0.0000E+00  0.0000E+00  0.0000E+00  0.0000E+00
       5      296      294      295        0        0                         0.6907E+11  0.1338E+07  0.4786E+07  0.2974E+07  0.2512E+08  0.5940E+07  0.3705E+07  0.1477E+08
       2      297        3      296        3        0                         0.6895E+11  0.1338E+07  0.4946E+07  0.2709E+07  0.2485E+08  0.6202E+07  0.1452E+07  0.5812E+07
      14      297        1        0        0        0                         0.6895E+11  0.1338E+07  0.4946E+07  0.2709E+07  0.2485E+08  0.6202E+07  0.1452E+07  0.5812E+07
